============================= test session starts =============================
platform win32 -- Python 3.14.3, pytest-9.0.3, pluggy-1.6.0 -- C:\Users\roham\AppData\Local\Programs\Python\Python314\python.exe
cachedir: .pytest_cache
rootdir: C:\Users\roham\Documents\Projects\MegaProjects\MachineVision
configfile: pyproject.toml
plugins: anyio-4.13.0, asyncio-1.3.0, cov-7.1.0
asyncio: mode=Mode.STRICT, debug=False, asyncio_default_fixture_loop_scope=None, asyncio_default_test_loop_scope=function
collecting ... collected 35 items

tests/contracts/test_config.py::test_canonical_hash_stability PASSED     [  2%]
tests/contracts/test_config.py::test_canonical_hash_key_order_and_yaml_insensitivity PASSED [  5%]
tests/contracts/test_config.py::test_canonical_hash_sensitivity_to_each_field PASSED [  8%]
tests/contracts/test_detection.py::test_valid_detection_row_passes PASSED [ 11%]
tests/contracts/test_detection.py::test_invalid_schema_version_rejected PASSED [ 14%]
tests/contracts/test_detection.py::test_invalid_source_rejected PASSED   [ 17%]
tests/contracts/test_detection.py::test_nan_inf_rejected PASSED          [ 20%]
tests/contracts/test_detection.py::test_inverted_or_negative_box_rejected PASSED [ 22%]
tests/contracts/test_detection.py::test_out_of_bounds_and_clipping PASSED [ 25%]
tests/contracts/test_detection.py::test_bottom_center_tolerance PASSED   [ 28%]
tests/contracts/test_detection.py::test_confidence_bounds PASSED         [ 31%]
tests/contracts/test_detection.py::test_table_validation_valid_and_duplicates PASSED [ 34%]
tests/contracts/test_detection.py::test_table_validation_non_monotonic_ordering PASSED [ 37%]
tests/contracts/test_video.py::test_compute_video_sha256 PASSED          [ 40%]
tests/contracts/test_video.py::test_valid_video_fingerprint PASSED       [ 42%]
tests/contracts/test_video.py::test_invalid_video_fingerprint_rejections PASSED [ 45%]
tests/runtime/test_chunk_planner.py::test_chunk_planning_300s_30fps PASSED [ 48%]
tests/runtime/test_chunk_planner.py::test_chunk_planning_with_remainder PASSED [ 51%]
tests/runtime/test_chunk_planner.py::test_invalid_parameters PASSED      [ 54%]
tests/runtime/test_invalidation.py::test_invalidation_on_config_change PASSED [ 57%]
tests/runtime/test_invalidation.py::test_invalidation_on_video_mismatch PASSED [ 60%]
tests/runtime/test_resume_retry.py::test_resume_reuses_completed_and_retries_incomplete PASSED [ 62%]
tests/runtime/test_resume_retry.py::test_corruption_detection_triggers_retry PASSED [ 65%]
tests/runtime/test_state_engine.py::test_state_engine_lifecycle PASSED   [ 68%]
tests/artifacts/test_atomic_publication.py::test_atomic_publication_on_validation_failure PASSED [ 71%]
tests/artifacts/test_atomic_publication.py::test_atomic_publication_on_disk_error PASSED [ 74%]
tests/artifacts/test_layout.py::test_artifact_layout_structure PASSED    [ 77%]
tests/artifacts/test_manifest.py::test_manifest_save_and_load PASSED     [ 80%]
tests/artifacts/test_manifest.py::test_manifest_state_transitions PASSED [ 82%]
tests/artifacts/test_manifest.py::test_manifest_integrity_verification PASSED [ 85%]
tests/artifacts/test_parquet_io.py::test_parquet_write_and_read_roundtrip PASSED [ 88%]
tests/artifacts/test_parquet_io.py::test_parquet_streaming_batches_and_filtering PASSED [ 91%]
tests/integration/test_detection_reader.py::test_two_chunk_boundary_traversal PASSED [ 94%]
tests/integration/test_detection_reader.py::test_source_and_confidence_filtering PASSED [ 97%]
tests/integration/test_detection_reader.py::test_detector_independence PASSED [100%]

============================= 35 passed in 1.15s ==============================
